<?xml version="1.0" encoding="UTF-8"?>
<!-- Generated by org.testng.reporters.JUnitReportReporter -->
<testsuite hostname="LAPTOP-J5LI6AHU" failures="0" tests="2" name="zoo_Module.TC_Zoo_007" time="2.611" errors="0" timestamp="2023-01-25T13:16:53 IST" skipped="0">
  <testcase classname="zoo_Module.TC_Zoo_007" name="login" time="1.223"/>
  <system-out>
Landed Successfully to the Login Page of the Application Successfully clicked on Submit Button Landed Successfully to the DashBoard Page of the Application  </system-out>
  <testcase classname="zoo_Module.TC_Zoo_007" name="addTicket" time="1.388"/>
  <system-out>
Successfully landed in Add Normal Ticket Page Ticket is Generated Successfully  </system-out>
</testsuite> <!-- zoo_Module.TC_Zoo_007 -->
