<?xml version="1.0" encoding="UTF-8"?>
<!-- Generated by org.testng.reporters.JUnitReportReporter -->
<testsuite hostname="LAPTOP-J5LI6AHU" failures="0" tests="2" name="zoo_Module.TC_Zoo_005" time="1.806" errors="0" timestamp="2023-01-25T11:31:21 IST" skipped="0">
  <testcase classname="zoo_Module.TC_Zoo_005" name="login" time="1.140"/>
  <system-out>
Landed Successfully to the Login Page of the Application Successfully clicked on Submit Button Landed Successfully to the DashBoard Page of the Application  </system-out>
  <testcase classname="zoo_Module.TC_Zoo_005" name="deleteAnimal" time="0.666"/>
  <system-out>
Successfully Landed in Manage Animal Page Successfully Deleted the Animal  </system-out>
</testsuite> <!-- zoo_Module.TC_Zoo_005 -->
