<?xml version="1.0" encoding="UTF-8"?>
<!-- Generated by org.testng.reporters.JUnitReportReporter -->
<testsuite hostname="LAPTOP-J5LI6AHU" failures="0" tests="1" name="zoo_Module.TC_Zoo_001" time="1.267" errors="0" timestamp="2023-01-25T11:11:22 IST" skipped="0">
  <testcase classname="zoo_Module.TC_Zoo_001" name="login" time="1.267"/>
  <system-out>
Landed Successfully to the Login Page of the Application Successfully clicked on Submit Button Landed Successfully to the DashBoard Page of the Application  </system-out>
</testsuite> <!-- zoo_Module.TC_Zoo_001 -->
