<?xml version="1.0" encoding="UTF-8"?>
<!-- Generated by org.testng.reporters.JUnitReportReporter -->
<testsuite hostname="LAPTOP-J5LI6AHU" failures="0" tests="2" name="zoo_Module.TC_Zoo_006" time="1.777" errors="0" timestamp="2023-01-25T12:06:00 IST" skipped="0">
  <testcase classname="zoo_Module.TC_Zoo_006" name="login" time="1.079"/>
  <system-out>
Landed Successfully to the Login Page of the Application Successfully clicked on Submit Button Landed Successfully to the DashBoard Page of the Application  </system-out>
  <testcase classname="zoo_Module.TC_Zoo_006" name="manageTicketType" time="0.698"/>
  <system-out>
Successfully Updated the Ticket Type  </system-out>
</testsuite> <!-- zoo_Module.TC_Zoo_006 -->
