<?xml version="1.0" encoding="UTF-8"?>
<!-- Generated by org.testng.reporters.JUnitReportReporter -->
<testsuite hostname="LAPTOP-J5LI6AHU" failures="0" tests="1" name="A" time="3.804" errors="0" timestamp="2023-01-24T10:38:29 IST" skipped="0">
  <testcase classname="A" name="lauch" time="3.804"/>
  <system-out/>
</testsuite> <!-- A -->
