<?xml version="1.0" encoding="UTF-8"?>
<!-- Generated by org.testng.reporters.JUnitReportReporter -->
<testsuite hostname="LAPTOP-J5LI6AHU" failures="0" tests="2" name="zoo_Module.TC_Zoo_003" time="2.282" errors="0" timestamp="2023-01-25T11:33:23 IST" skipped="0">
  <testcase classname="zoo_Module.TC_Zoo_003" name="login" time="1.088"/>
  <system-out>
Landed Successfully to the Login Page of the Application Successfully clicked on Submit Button Landed Successfully to the DashBoard Page of the Application  </system-out>
  <testcase classname="zoo_Module.TC_Zoo_003" name="addAnimal" time="1.194"/>
  <system-out>
Successfully Added the Animal  </system-out>
</testsuite> <!-- zoo_Module.TC_Zoo_003 -->
